<?xml version="1.0" encoding="UTF-8"?>
<!-- Generated by org.testng.reporters.JUnitXMLReporter -->
<testsuite ignored="0" hostname="DESKTOP-RELL2RD" failures="1" tests="2" name="Error Validation Test" time="18.034" errors="0" timestamp="2025-01-19T08:43:35 IST">
  <testcase classname="pramodseleniumframework.test.ErrorValidation" name="LoginErrorValidation" time="5.044"/>
  <testcase classname="pramodseleniumframework.test.ErrorValidation" name="ProductErrorValidation" time="1.515">
    <failure type="java.lang.NullPointerException" message="Cannot invoke &amp;quot;org.openqa.selenium.WebElement.findElement(org.openqa.selenium.By)&amp;quot; because &amp;quot;prod&amp;quot; is null">
      <![CDATA[java.lang.NullPointerException: Cannot invoke "org.openqa.selenium.WebElement.findElement(org.openqa.selenium.By)" because "prod" is null
at pramodseleniumframework.pageobjects.ProductCatalogue.addProductToCart(ProductCatalogue.java:61)
at pramodseleniumframework.test.ErrorValidation.ProductErrorValidation(ErrorValidation.java:51)
at java.base/java.util.ArrayList.forEach(ArrayList.java:1596)
at java.base/java.util.concurrent.FutureTask.run(FutureTask.java:317)
at java.base/java.util.concurrent.ThreadPoolExecutor.runWorker(ThreadPoolExecutor.java:1144)
at java.base/java.util.concurrent.ThreadPoolExecutor$Worker.run(ThreadPoolExecutor.java:642)
at java.base/java.lang.Thread.run(Thread.java:1583)
... Removed 15 stack frames]]>
    </failure>
  </testcase> <!-- ProductErrorValidation -->
</testsuite> <!-- Error Validation Test -->
